# JRE version: OpenJDK Runtime Environment Zulu16.32+15-CA (16.0.2+7) (build 16.0.2+7)
# Java VM: OpenJDK 64-Bit Server VM Zulu16.32+15-CA (16.0.2+7, mixed mode, tiered, compressed oops, compressed class ptrs, g1 gc, bsd-aarch64)
GC Precious Log:
 CPUs: 8 total, 8 available
 Memory: 8192M
 Large Page Support: Disabled
 NUMA Support: Disabled
 Compressed Oops: Enabled (Zero based)
 Heap Region Size: 1M
 Heap Min Capacity: 8M
 Heap Initial Capacity: 128M
 Heap Max Capacity: 2G
 Pre-touch: Disabled
 Parallel Workers: 8
 Concurrent Workers: 2
 Concurrent Refinement Workers: 8
 Periodic GC: Disabled
Heap:
 garbage-first heap   total 96256K, used 34210K [0x0000000740000000, 0x00000007c0000000)
  region size 1024K, 6 young (6144K), 5 survivors (5120K)
 Metaspace       used 67183K, committed 67648K, reserved 1114112K
  class space    used 8404K, committed 8640K, reserved 1048576K
GC Heap History (20 events):
Event: 1.055 GC heap before
{Heap before GC invocations=7 (full 0):
 garbage-first heap   total 45056K, used 31205K [0x0000000740000000, 0x00000007c0000000)
  region size 1024K, 22 young (22528K), 3 survivors (3072K)
 Metaspace       used 27668K, committed 27968K, reserved 1081344K
  class space    used 3168K, committed 3328K, reserved 1048576K
}
Event: 1.056 GC heap after
{Heap after GC invocations=8 (full 0):
 garbage-first heap   total 61440K, used 13037K [0x0000000740000000, 0x00000007c0000000)
  region size 1024K, 2 young (2048K), 2 survivors (2048K)
 Metaspace       used 27668K, committed 27968K, reserved 1081344K
  class space    used 3168K, committed 3328K, reserved 1048576K
}
Event: 1.171 GC heap before
{Heap before GC invocations=8 (full 0):
 garbage-first heap   total 61440K, used 45805K [0x0000000740000000, 0x00000007c0000000)
  region size 1024K, 35 young (35840K), 2 survivors (2048K)
 Metaspace       used 29618K, committed 29952K, reserved 1081344K
  class space    used 3382K, committed 3520K, reserved 1048576K
}
Event: 1.172 GC heap after
{Heap after GC invocations=9 (full 0):
 garbage-first heap   total 61440K, used 13810K [0x0000000740000000, 0x00000007c0000000)
  region size 1024K, 3 young (3072K), 3 survivors (3072K)
 Metaspace       used 29618K, committed 29952K, reserved 1081344K
  class space    used 3382K, committed 3520K, reserved 1048576K
}
Event: 1.414 GC heap before
{Heap before GC invocations=9 (full 0):
 garbage-first heap   total 61440K, used 47602K [0x0000000740000000, 0x00000007c0000000)
  region size 1024K, 36 young (36864K), 3 survivors (3072K)
 Metaspace       used 32250K, committed 32640K, reserved 1081344K
  class space    used 3720K, committed 3904K, reserved 1048576K
}
Event: 1.417 GC heap after
{Heap after GC invocations=10 (full 0):
 garbage-first heap   total 61440K, used 15257K [0x0000000740000000, 0x00000007c0000000)
  region size 1024K, 4 young (4096K), 4 survivors (4096K)
 Metaspace       used 32250K, committed 32640K, reserved 1081344K
  class space    used 3720K, committed 3904K, reserved 1048576K
}
Event: 1.652 GC heap before
{Heap before GC invocations=10 (full 0):
 garbage-first heap   total 61440K, used 40857K [0x0000000740000000, 0x00000007c0000000)
  region size 1024K, 30 young (30720K), 4 survivors (4096K)
 Metaspace       used 35310K, committed 35648K, reserved 1081344K
  class space    used 4123K, committed 4288K, reserved 1048576K
}
Event: 1.655 GC heap after
{Heap after GC invocations=11 (full 0):
 garbage-first heap   total 61440K, used 16858K [0x0000000740000000, 0x00000007c0000000)
  region size 1024K, 4 young (4096K), 4 survivors (4096K)
 Metaspace       used 35310K, committed 35648K, reserved 1081344K
  class space    used 4123K, committed 4288K, reserved 1048576K
}
Event: 1.869 GC heap before
{Heap before GC invocations=12 (full 0):
 garbage-first heap   total 61440K, used 47578K [0x0000000740000000, 0x00000007c0000000)
  region size 1024K, 34 young (34816K), 4 survivors (4096K)
 Metaspace       used 39254K, committed 39616K, reserved 1089536K
  class space    used 4649K, committed 4800K, reserved 1048576K
}
Event: 1.874 GC heap after
{Heap after GC invocations=13 (full 0):
 garbage-first heap   total 110592K, used 19863K [0x0000000740000000, 0x00000007c0000000)
  region size 1024K, 5 young (5120K), 5 survivors (5120K)
 Metaspace       used 39254K, committed 39616K, reserved 1089536K
  class space    used 4649K, committed 4800K, reserved 1048576K
}
Event: 2.007 GC heap before
{Heap before GC invocations=13 (full 0):
 garbage-first heap   total 110592K, used 79255K [0x0000000740000000, 0x00000007c0000000)
  region size 1024K, 64 young (65536K), 5 survivors (5120K)
 Metaspace       used 41615K, committed 42048K, reserved 1089536K
  class space    used 4899K, committed 5120K, reserved 1048576K
}
Event: 2.013 GC heap after
{Heap after GC invocations=14 (full 0):
 garbage-first heap   total 110592K, used 21383K [0x0000000740000000, 0x00000007c0000000)
  region size 1024K, 5 young (5120K), 5 survivors (5120K)
 Metaspace       used 41615K, committed 42048K, reserved 1089536K
  class space    used 4899K, committed 5120K, reserved 1048576K
}
Event: 2.420 GC heap before
{Heap before GC invocations=14 (full 0):
 garbage-first heap   total 110592K, used 80775K [0x0000000740000000, 0x00000007c0000000)
  region size 1024K, 64 young (65536K), 5 survivors (5120K)
 Metaspace       used 51421K, committed 51840K, reserved 1097728K
  class space    used 6242K, committed 6464K, reserved 1048576K
}
Event: 2.424 GC heap after
{Heap after GC invocations=15 (full 0):
 garbage-first heap   total 110592K, used 24442K [0x0000000740000000, 0x00000007c0000000)
  region size 1024K, 5 young (5120K), 5 survivors (5120K)
 Metaspace       used 51421K, committed 51840K, reserved 1097728K
  class space    used 6242K, committed 6464K, reserved 1048576K
}
Event: 2.706 GC heap before
{Heap before GC invocations=15 (full 0):
 garbage-first heap   total 110592K, used 68474K [0x0000000740000000, 0x00000007c0000000)
  region size 1024K, 50 young (51200K), 5 survivors (5120K)
 Metaspace       used 59096K, committed 59520K, reserved 1105920K
  class space    used 7333K, committed 7552K, reserved 1048576K
}
Event: 2.709 GC heap after
{Heap after GC invocations=16 (full 0):
 garbage-first heap   total 110592K, used 25971K [0x0000000740000000, 0x00000007c0000000)
  region size 1024K, 5 young (5120K), 5 survivors (5120K)
 Metaspace       used 59096K, committed 59520K, reserved 1105920K
  class space    used 7333K, committed 7552K, reserved 1048576K
}
Event: 3.021 GC heap before
{Heap before GC invocations=17 (full 0):
 garbage-first heap   total 96256K, used 84339K [0x0000000740000000, 0x00000007c0000000)
  region size 1024K, 62 young (63488K), 5 survivors (5120K)
 Metaspace       used 64721K, committed 65152K, reserved 1105920K
  class space    used 8100K, committed 8320K, reserved 1048576K
}
Event: 3.024 GC heap after
{Heap after GC invocations=18 (full 0):
 garbage-first heap   total 96256K, used 29623K [0x0000000740000000, 0x00000007c0000000)
  region size 1024K, 5 young (5120K), 5 survivors (5120K)
 Metaspace       used 64721K, committed 65152K, reserved 1105920K
  class space    used 8100K, committed 8320K, reserved 1048576K
}
Event: 3.241 GC heap before
{Heap before GC invocations=18 (full 0):
 garbage-first heap   total 96256K, used 77751K [0x0000000740000000, 0x00000007c0000000)
  region size 1024K, 52 young (53248K), 5 survivors (5120K)
 Metaspace       used 67162K, committed 67648K, reserved 1114112K
  class space    used 8400K, committed 8640K, reserved 1048576K
}
Event: 3.245 GC heap after
{Heap after GC invocations=19 (full 0):
 garbage-first heap   total 96256K, used 34210K [0x0000000740000000, 0x00000007c0000000)
  region size 1024K, 5 young (5120K), 5 survivors (5120K)
 Metaspace       used 67162K, committed 67648K, reserved 1114112K
  class space    used 8400K, committed 8640K, reserved 1048576K
}

